nohup: ignoring input
Listening on :6002
received messag ?->? 
 124.160.216.60:40772 172.16.246.153:6002
write:12 03 00 38 00 34 C7 73
77 77 77
heart:77 77 77 2E 75 73 72 2E 63 6E
12 03 68
18totalsize 104
43 68 A7 6D 43 69 70 A4 43 68 D8 52 43 C9 C8 B4 43 C9 DE D9 43 C9 86 25 43 40 F5 C3 43 43 F5 C3 43 2F 51 EC 47 22 30 00 47 26 68 00 47 14 20 00 47 EE 5C 00 46 3B 80 00 46 19 C0 00 46 21 40 00 46 FB 40 00 47 2F 50 00 47 32 98 00 47 1F 60 00 47 F6 90 00 3F 6C CC CD 3F 6E 56 04 3F 6D D2 F2 3F 77 8D 50 42 47 F5 AA
write:12 03 07 CF 00 78 76 00
write:12 03 01 0F 00 08 77 50
12 03 F0
18totalsize 240
47 8E 0E 00 46 30 3B 33 47 05 50 00 00 00 00 00 46 D5 79 33 00 00 00 00 00 00 00 00 00 00 00 00 00 00 00 00 00 00 00 00 46 85 AD 9A 45 1E 19 9A 46 0B 6F 33 00 00 00 00 45 B0 C6 66 00 00 00 00 00 00 00 00 00 00 00 00 00 00 00 00 00 00 00 00 47 A9 B7 80 46 5C 9F 33 47 22 D6 CD 00 00 00 00 46 F2 DF 9A 00 00 00 00 00 00 00 00 00 00 00 00 00 00 00 00 00 00 00 00 46 B2 70 66 45 65 B9 9A 46 3A EB 33 00 00 00 00 45 E1 09 9A 00 00 00 00 00 00 00 00 00 00 00 00 00 00 00 00 00 00 00 00 47 82 8D CD 46 41 63 33 46 D4 77 33 00 00 00 00 46 D5 0E 66 00 00 00 00 00 00 00 00 00 00 00 00 00 00 00 00 00 00 00 00 46 95 B4 66 45 65 46 66 45 FB B3 33 00 00 00 00 45 E8 7B 33 00 00 00 00 00 00 00 00 00 00 00 00 00 00 00 00 00 00 1C E2
12 03 10
1800 40 BE 70 00 00 00 00 00 13 EE 3F 00 00 1B D1
43 68 A7 6D
232.654
43 69 70 A4
233.44
43 68 D8 52
232.845
43 C9 C8 B4
403.568
43 C9 DE D9
403.741
43 C9 86 25
403.048
43 40 F5 C3
192.96
43 43 F5 C3
195.96
43 2F 51 EC
175.32
47 22 30 00
41520
47 26 68 00
42600
47 14 20 00
37920
47 EE 5C 00
122040
46 3B 80 00
12000
46 19 C0 00
9840
46 21 40 00
10320
46 FB 40 00
32160
47 2F 50 00
44880
47 32 98 00
45720
47 1F 60 00
40800
47 F6 90 00
126240
3F 6C CC CD
0.925
3F 6E 56 04
0.931
3F 6D D2 F2
0.929
3F 77 8D 50
0.967
42 47 F5 AA
49.989906
47 8E 0E 00
72732
46 30 3B 33
11278.8
47 05 50 00
34128
00 00 00 00
0
46 D5 79 33
27324.6
00 00 00 00
0
00 00 00 00
0
00 00 00 00
0
00 00 00 00
0
00 00 00 00
0
46 85 AD 9A
17110.8
45 1E 19 9A
2529.6
46 0B 6F 33
8923.8
00 00 00 00
0
45 B0 C6 66
5656.8
00 00 00 00
0
00 00 00 00
0
00 00 00 00
0
00 00 00 00
0
00 00 00 00
0
47 A9 B7 80
86895
46 5C 9F 33
14119.8
47 22 D6 CD
41686.8
00 00 00 00
0
46 F2 DF 9A
31087.8
00 00 00 00
0
00 00 00 00
0
00 00 00 00
0
00 00 00 00
0
00 00 00 00
0
46 B2 70 66
22840.2
45 65 B9 9A
3675.6
46 3A EB 33
11962.8
00 00 00 00
0
45 E1 09 9A
7201.2
00 00 00 00
0
00 00 00 00
0
00 00 00 00
0
00 00 00 00
0
00 00 00 00
0
47 82 8D CD
66843.6
46 41 63 33
12376.8
46 D4 77 33
27195.6
00 00 00 00
0
46 D5 0E 66
27271.2
00 00 00 00
0
00 00 00 00
0
00 00 00 00
0
00 00 00 00
0
00 00 00 00
0
46 95 B4 66
19162.2
45 65 46 66
3668.4
45 FB B3 33
8054.4
00 00 00 00
0
45 E8 7B 33
7439.4
00 00 00 00
0
00 00 00 00
0
00 00 00 00
0
00 00 00 00
0
00 00 1C E2
1.0361e-41
00 40 BE 70
4243056
00 00 00 00
0
00 13 EE 3F
1306175
00 00 1B D1
7121
232.654233.44232.845403.568403.741403.048192.96195.96175.3241520426003792012204012000984010320321604488045720408001262400.9250.9310.9290.96749.9899067273211278.834128027324.60000017110.82529.68923.805656.8000008689514119.841686.8031087.80000022840.23675.611962.807201.20000066843.612376.827195.6027271.20000019162.23668.48054.407439.400001.0361e-4118201711251531464243.05601306.1757.121insert into tbl_power_info_v2(P_A_DIANYA,P_B_DIANYA,P_C_DIANYA,P_UAB_XIANDIANYA,P_UBC_XIANDIANYA,P_UCA_XIANDIANYA,P_A_DIANLIU,P_B_DIANLIU,P_C_DIANLIU,P_A_YGGL,P_B_YGGL,P_C_YGGL,P_HXYGGL,P_A_WGGL,P_B_WGGL,P_C_WGGL,P_HXWGGL,P_A_SZGL,P_B_SZGL,P_C_SZGL,P_HXSZGL,P_A_GLYS,P_B_GLYS,P_C_GLYS,P_HXGLYS,P_DWPL,P_BY_KwhZ,P_BY_KwhJ,P_BY_KwhF,P_BY_KwhP,P_BY_KwhG,P_BY_HKwhZ,P_BY_HKwhJ,P_BY_HKwhF,P_BY_HKwhP,P_BY_HKwhG, P_BY_KvarhZ,P_BY_KvarhJ,P_BY_KvarhF,P_BY_KvarhP,P_BY_KvarhG, P_BY_HKvarhZ,P_BY_HKvarhJ,P_BY_HKvarhF,P_BY_HKvarhP,P_BY_HKvarhG, P_SY_KwhZ,P_SY_KwhJ,P_SY_KwhF,P_SY_KwhP,P_SY_KwhG, P_SY_HKwhZ,P_SY_HKwhJ,P_SY_HKwhF,P_SY_HKwhP,P_SY_HKwhG, P_SY_KvarhZ,P_SY_KvarhJ,P_SY_KvarhF,P_SY_KvarhP,P_SY_KvarhG, P_SY_HKvarhZ,P_SY_HKvarhJ,P_SY_HKvarhF,P_SY_HKvarhP,P_SY_HKvarhG, P_SSY_KwhZ,P_SSY_KwhJ,P_SSY_KwhF,P_SSY_KwhP,P_SSY_KwhG, P_SSY_HKwhZ,P_SSY_HKwhJ,P_SSY_HKwhF,P_SSY_HKwhP,P_SSY_HKwhG, P_SSY_KvarhZ,P_SSY_KvarhJ,P_SSY_KvarhF,P_SSY_KvarhP,P_SSY_KvarhG, P_SSY_HKvarhZ,P_SSY_HKvarhJ,P_SSY_HKvarhF,P_SSY_HKvarhP,P_SSY_HKvarhG,P_CODE,P_TIME,P_ZXYGDN,P_FXYGDN,P_ZXWGDN,P_FXWGDN)values(232.654,233.44,232.845,403.568,403.741,403.048,192.96,195.96,175.32,41520,42600,37920,122040,12000,9840,10320,32160,44880,45720,40800,126240,0.925,0.931,0.929,0.967,49.989906,72732,11278.8,34128,0,27324.6,0,0,0,0,0,17110.8,2529.6,8923.8,0,5656.8,0,0,0,0,0,86895,14119.8,41686.8,0,31087.8,0,0,0,0,0,22840.2,3675.6,11962.8,0,7201.2,0,0,0,0,0,66843.6,12376.8,27195.6,0,27271.2,0,0,0,0,0,19162.2,3668.4,8054.4,0,7439.4,0,0,0,0,1.0361e-41,18,20171125153146,4243.056,0,1306.175,7.121)
写入成功读取完毕一个
write:13 03 00 38 00 34 C6 A2
13 03 68
19totalsize 104
43 68 70 A4 43 69 7D B2 43 69 2F 5C 43 C9 B2 6F 43 CA 00 00 43 C9 91 48 00 00 00 00 3F 99 99 9A 40 05 1E B8 00 00 00 00 00 00 00 00 43 C8 00 00 43 F0 00 00 43 70 00 00 43 70 00 00 43 70 00 00 44 34 00 00 43 70 00 00 43 A0 00 00 43 F0 00 00 44 5C 00 00 3E 40 83 12 3E 43 95 81 3F 59 DB 23 3F 14 FD F4 42 48 C1 64
write:13 03 07 CF 00 78 77 D1
write:13 03 01 0F 00 08 76 81
write:14 03 00 38 00 34 C7 15
77 77 77
heart:77 77 77 2E 75 73 72 2E 63 6E
write:14 03 07 CF 00 78 76 66
received messag ?->? 
 124.160.216.60:40775 172.16.246.153:6002
write:12 03 00 38 00 34 C7 73
77 77 77
heart:77 77 77 2E 75 73 72 2E 63 6E
13 03 F0
19totalsize 240
44 A0 59 9A 42 D1 99 9A 44 48 B3 33 00 00 00 00 43 BB 66 66 00 00 00 00 00 00 00 00 00 00 00 00 00 00 00 00 00 00 00 00 43 0F 33 33 3E CC CC CD 43 00 00 00 00 00 00 00 41 66 66 66 43 CF 66 66 42 8F 33 33 43 21 99 9A 00 00 00 00 43 35 33 33 44 5A CC CD 42 BC 00 00 43 F7 66 66 00 00 00 00 43 8F 00 00 00 00 00 00 00 00 00 00 00 00 00 00 00 00 00 00 00 00 00 00 40 80 00 00 00 00 00 00 40 4C CC CD 00 00 00 00 3F 4C CC CD 44 1A 99 9A 42 C4 00 00 43 85 66 66 00 00 00 00 43 7D 33 33 44 DC A6 66 42 DB 33 33 44 8E CC CD 00 00 00 00 44 00 4C CD 00 00 00 00 00 00 00 00 00 00 00 00 00 00 00 00 00 00 00 00 42 5E 66 66 3E CC CC CD 42 21 99 9A 00 00 00 00 41 60 00 00 43 FE 00 00 42 B6 66 66 43 3F 99 9A 00 00 00 00 43 60 16 E8
12 03 68
18totalsize 104
43 68 C1 CB 43 69 89 BA 43 69 44 5A 43 C9 DE D9 43 CA 16 46 43 C9 BD 91 43 39 E1 48 43 46 3D 71 43 1C 7A E1 47 26 E0 00 47 29 B0 00 47 03 40 00 47 E5 38 00 46 16 00 00 45 FB 40 00 45 EC 40 00 46 C5 D0 00 47 28 C0 00 47 34 F0 00 47 0E 80 00 47 EA 60 00 3F 6E D9 17 3F 70 62 4E 3F 6B 43 96 3F 7A 5E 35 42 48 7D 60
FE FF FE
heart:FE FF FE D7 54 DD 7C E2 02 00 00 00 00 00 35 3F 00 00 5B 27
write:14 03 01 0F 00 08 77 36
14 03 10
2000 04 1A 72 00 00 00 00 00 00 13 51 00 00 CF 19
write:12 03 07 CF 00 78 76 00
write:15 03 00 38 00 34 C6 C4
15 03 68
21write:12 03 01 0F 00 08 77 50
write:15 03 07 CF 00 78 77 B7
write:13 03 00 38 00 34 C6 A2
write:15 03 01 0F 00 08 76 E7
totalsize 207
43 68 F7 0A 43 6A 16 46 43 69 CB 85 43 CA 97 FB CB 85 1F 43 CA 0B 23 00 00 00 00 00 00 00 00 00 00 00 00 00 00 00 00 00 00 00 00 00 00 00 00 00 00 00 00 00 00 00 00 00 00 00 00 00 00 00 00 00 00 00 00 00 00 00 00 00 00 00 00 00 00 00 00 00 00 00 00 00 00 00 00 00 00 00 00 00 00 00 00 00 00 00 00 42 47 01 74 12 03 10 00 00 00 40 BE 9F 00 00 00 00 00 13 4E D1 00 00 00 07 FF CC CC CD 00 00 00 00 40 A6 66 66 00 00 00 00 3F 99 99 9A 00 00 00 00 00 00 00 00 00 00 00 00 00 00 00 00 00 00 00 00 3E CC CC CD 00 00 00 00 3E CC CC CD 00 00 00 00 00 00 00 00 00 00 00 00 00 00 00 00 00 00 00 00 00 00 00 00 00 00 00 00 40 8C CC
CD 00 00
heart:CD 00 00 00 00 40 66 66 66 00 00 00 00 3F 4C CC CD 00 00 00 00 00 00 00 00 00 00 00 00 00 00 00 00 00 00 00 00 00 00 00 00 00 00 00 00 00 00 00 00 00 00 00 00 00 00 00 00 00 00 00 00 00 00 00 00 00 00 00 00 00 00 00 00 00 00 00 00 42 1E 66 66 00 00 00 00 41 F3 33 33 00 00 00 00 41 13 33 33 00 00 00 00 00 00 00 00 00 00 00 00 00 00 00 00 00 00 00 00 42 D8 00 00 00 00 00 00 42 A3 33 33 00 00 00 00 41 D0 00 00 00 00 00 00 00 00 00 00 00 00 00 00 00 00 00 00 00 00 7F 8C
13 03 68
19totalsize 104
43 68 67 2B 43 69 5D B2 43 68 D0 E5 43 C9 A7 FE FB FF DB B6 43 C9 70 00 00 00 00 00 3F 99 99 9A 40 05 1E B8 00 00 00 00 00 00 00 00 43 C8 00 00 43 F0 00 00 43 70 00 00 43 70 00 00 43 70 00 00 44 34 00 00 43 70 00 00 43 A0 00 00 43 F0 00 00 44 5C 00 00 3E 39 58 10 3E 39 58 10 3F 59 99 9A 3F 13 74 BC 42 48 BC 54
write:13 03 07 CF 00 78 77 D1
write:16 03 00 38 00 34 C6 F7
13 03 F0
19totalsize 240
44 A0 59 9A 42 D1 99 9A 44 48 B3 33 00 00 00 00 43 BB 66 66 00 00 00 00 00 00 00 00 00 00 00 00 00 00 00 00 00 00 00 00 43 0F 33 33 3E CC CC CD 43 00 00 00 00 00 00 00 41 66 66 66 43 CF 99 9A 42 8F 33 33 43 21 99 9A 00 00 00 00 43 35 33 33 44 5A CC CD 42 BC 00 00 43 F7 66 66 00 00 00 00 43 8F 00 00 00 00 00 00 00 00 00 00 00 00 00 00 00 00 00 00 00 00 00 00 40 80 00 00 00 00 00 00 40 4C CC CD 00 00 00 00 3F 4C CC CD 44 1A 99 9A 42 C4 00 00 43 85 66 66 00 00 00 00 43 7D 33 33 44 DC A6 66 42 DB 33 33 44 8E CC CD 00 00 00 00 44 00 4C CD 00 00 00 00 00 00 00 00 00 00 00 00 00 00 00 00 00 00 00 00 42 5E 66 66 3E CC CC CD 42 21 99 9A 00 00 00 00 41 60 00 00 43 FE 00 00 42 B6 66 66 43 3F 99 9A 00 00 00 00 43 60 A1 47
write:13 03 01 0F 00 08 76 81
13 03 10
1900 02 93 91 00 00 00 00 00 00 35 3F 00 00 5F DB
43 68 67 2B
232.403
43 69 5D B2
233.366
43 68 D0 E5
232.816
43 C9 A7 FE
403.31244
FB FF DB B6
-2.656984e+36
43 C9 70 00
402.875
00 00 00 00
0
3F 99 99 9A
1.2
40 05 1E B8
2.08
00 00 00 00
0
00 00 00 00
0
43 C8 00 00
400
43 F0 00 00
480
43 70 00 00
240
43 70 00 00
240
43 70 00 00
240
44 34 00 00
720
43 70 00 00
240
43 A0 00 00
320
43 F0 00 00
480
44 5C 00 00
880
3E 39 58 10
0.181
3E 39 58 10
0.181
3F 59 99 9A
0.85
3F 13 74 BC
0.576
42 48 BC 54
50.183914
44 A0 59 9A
1282.8
42 D1 99 9A
104.8
44 48 B3 33
802.8
00 00 00 00
0
43 BB 66 66
374.8
00 00 00 00
0
00 00 00 00
0
00 00 00 00
0
00 00 00 00
0
00 00 00 00
0
43 0F 33 33
143.2
3E CC CC CD
0.4
43 00 00 00
128
00 00 00 00
0
41 66 66 66
14.4
43 CF 99 9A
415.2
42 8F 33 33
71.6
43 21 99 9A
161.6
00 00 00 00
0
43 35 33 33
181.2
44 5A CC CD
875.2
42 BC 00 00
94
43 F7 66 66
494.8
00 00 00 00
0
43 8F 00 00
286
00 00 00 00
0
00 00 00 00
0
00 00 00 00
0
00 00 00 00
0
00 00 00 00
0
40 80 00 00
4
00 00 00 00
0
40 4C CC CD
3.2
00 00 00 00
0
3F 4C CC CD
0.8
44 1A 99 9A
618.4
42 C4 00 00
98
43 85 66 66
266.8
00 00 00 00
0
43 7D 33 33
253.2
44 DC A6 66
1765.2
42 DB 33 33
109.6
44 8E CC CD
1142.4
00 00 00 00
0
44 00 4C CD
513.2
00 00 00 00
0
00 00 00 00
0
00 00 00 00
0
00 00 00 00
0
00 00 00 00
0
42 5E 66 66
55.6
3E CC CC CD
0.4
42 21 99 9A
40.4
00 00 00 00
0
41 60 00 00
14
43 FE 00 00
508
42 B6 66 66
91.2
43 3F 99 9A
191.6
00 00 00 00
0
43 60 A1 47
224.62999
00 02 93 91
168849
00 00 00 00
0
00 00 35 3F
13631
00 00 5F DB
24539
232.403233.366232.816403.31244-2.656984e+36402.87501.22.08004004802402402407202403204808800.1810.1810.850.57650.1839141282.8104.8802.80374.800000143.20.4128014.4415.271.6161.60181.2875.294494.8028600000403.200.8618.498266.80253.21765.2109.61142.40513.20000055.60.440.401450891.2191.60224.629991920171125153502168.849013.63124.539insert into tbl_power_info_v2(P_A_DIANYA,P_B_DIANYA,P_C_DIANYA,P_UAB_XIANDIANYA,P_UBC_XIANDIANYA,P_UCA_XIANDIANYA,P_A_DIANLIU,P_B_DIANLIU,P_C_DIANLIU,P_A_YGGL,P_B_YGGL,P_C_YGGL,P_HXYGGL,P_A_WGGL,P_B_WGGL,P_C_WGGL,P_HXWGGL,P_A_SZGL,P_B_SZGL,P_C_SZGL,P_HXSZGL,P_A_GLYS,P_B_GLYS,P_C_GLYS,P_HXGLYS,P_DWPL,P_BY_KwhZ,P_BY_KwhJ,P_BY_KwhF,P_BY_KwhP,P_BY_KwhG,P_BY_HKwhZ,P_BY_HKwhJ,P_BY_HKwhF,P_BY_HKwhP,P_BY_HKwhG, P_BY_KvarhZ,P_BY_KvarhJ,P_BY_KvarhF,P_BY_KvarhP,P_BY_KvarhG, P_BY_HKvarhZ,P_BY_HKvarhJ,P_BY_HKvarhF,P_BY_HKvarhP,P_BY_HKvarhG, P_SY_KwhZ,P_SY_KwhJ,P_SY_KwhF,P_SY_KwhP,P_SY_KwhG, P_SY_HKwhZ,P_SY_HKwhJ,P_SY_HKwhF,P_SY_HKwhP,P_SY_HKwhG, P_SY_KvarhZ,P_SY_KvarhJ,P_SY_KvarhF,P_SY_KvarhP,P_SY_KvarhG, P_SY_HKvarhZ,P_SY_HKvarhJ,P_SY_HKvarhF,P_SY_HKvarhP,P_SY_HKvarhG, P_SSY_KwhZ,P_SSY_KwhJ,P_SSY_KwhF,P_SSY_KwhP,P_SSY_KwhG, P_SSY_HKwhZ,P_SSY_HKwhJ,P_SSY_HKwhF,P_SSY_HKwhP,P_SSY_HKwhG, P_SSY_KvarhZ,P_SSY_KvarhJ,P_SSY_KvarhF,P_SSY_KvarhP,P_SSY_KvarhG, P_SSY_HKvarhZ,P_SSY_HKvarhJ,P_SSY_HKvarhF,P_SSY_HKvarhP,P_SSY_HKvarhG,P_CODE,P_TIME,P_ZXYGDN,P_FXYGDN,P_ZXWGDN,P_FXWGDN)values(232.403,233.366,232.816,403.31244,-2.656984e+36,402.875,0,1.2,2.08,0,0,400,480,240,240,240,720,240,320,480,880,0.181,0.181,0.85,0.576,50.183914,1282.8,104.8,802.8,0,374.8,0,0,0,0,0,143.2,0.4,128,0,14.4,415.2,71.6,161.6,0,181.2,875.2,94,494.8,0,286,0,0,0,0,0,4,0,3.2,0,0.8,618.4,98,266.8,0,253.2,1765.2,109.6,1142.4,0,513.2,0,0,0,0,0,55.6,0.4,40.4,0,14,508,91.2,191.6,0,224.62999,19,20171125153502,168.849,0,13.631,24.539)
写入成功读取完毕一个
write:16 03 07 CF 00 78 77 84
write:14 03 00 38 00 34 C7 15
write:16 03 01 0F 00 08 76 D4
77 77 77
heart:77 77 77 2E 75 73 72 2E 63 6E
14 03 68
20totalsize 104
43 68 DA 1D 43 69 86 66 43 69 33 33 43 C9 E9 DB 43 CA 16 46 43 C9 C8 93 00 00 00 00 00 00 00 00 00 00 00 00 00 00 00 00 00 00 00 00 00 00 00 00 42 A0 00 00 00 00 00 00 00 00 00 00 00 00 00 00 00 00 00 00 00 00 00 00 00 00 00 00 42 A0 00 00 42 A0 00 00 00 00 00 00 00 00 00 00 3F 29 78 D5 3F 6D D2 F2 42 48 EE F0
write:14 03 07 CF 00 78 76 66
write:17 03 00 38 00 34 C7 26
write:14 03 01 0F 00 08 77 36
write:17 03 07 CF 00 78 76 55
write:15 03 00 38 00 34 C6 C4
write:17 03 01 0F 00 08 77 05
write:15 03 07 CF 00 78 77 B7
write:18 03 00 38 00 34 C7 D9
write:15 03 01 0F 00 08 76 E7
write:18 03 07 CF 00 78 76 AA
write:16 03 00 38 00 34 C6 F7
write:18 03 01 0F 00 08 77 FA
write:16 03 07 CF 00 78 77 84
77 77 77
heart:77 77 77 2E 75 73 72 2E 63 6E
received messag ?->? 
 124.160.216.60:40780 172.16.246.153:6002
write:12 03 00 38 00 34 C7 73
17 03 68
23totalsize 206
43 68 E8 F6 43 68 F3 75 43 68 D2 B0 43 C9 B2 FB BF 6D 43 C9 A7 6D 3F FA E1 48 40 CE 14 7B 40 B8 51 EC 43 A0 00 00 44 AF 00 00 44 9B 00 00 45 39 00 00 00 00 00 00 42 F0 00 00 42 F0 00 00 43 8C 00 00 43 DC 00 00 44 BE 00 00 44 AA 00 00 45 3B 80 00 3F 32 2D 0E 3F 6F 1A A0 3F 6F 1A A0 3F 7E F9 DB 42 47 52 06 FF F8 FF A2 F3 FD D7 43 68 F9 58 43 68 E7 F0 43 C9 C8 93 43 C9 B2 6F 43 C9 EE F9 FF DC FB FF FB EB 7C F1 8E 54 FF FC FF 61 FF CF CF 04 BF F5 FF DD 00 45 8A C0 00 44 16 00 00 44 34 00 00 44 16 00 00 44 EB 00 00 44 C3 00 00 44 AA 00 00 45 02 00 00 45 96 00 00 3F 17 EC D7 0A 3F 4D 0E 56 3F 6E 97 8D 3F 6B 85 1F 42
47 D0 2B
heart:47 D0 2B
12 03 68
18totalsize 104
43 69 8E 98 43 69 44 9C 43 69 3B 23 43 CA 16 46 43 C9 F4 FE 43 CA 16 46 43 41 8F 5C 43 61 B8 52 43 39 47 AE 47 26 68 00 47 44 68 00 47 1E 70 00 48 02 6E 00 46 03 40 00 45 F0 00 00 45 F7 80 00 46 BB 80 00 47 30 B8 00 47 4D C8 00 47 28 C0 00 48 04 8A 00 3F 71 68 73 3F 74 BC 6A 3F 70 A3 D7 3F 7B E7 6D 42 47 30 B3
write:19 03 00 38 00 34 C6 08
write:16 03 01 0F 00 08 76 D4
write:12 03 07 CF 00 78 76 00
write:19 03 07 CF 00 78 77 7B
write:17 03 00 38 00 34 C7 26
write:12 03 01 0F 00 08 77 50
write:19 03 01 0F 00 08 76 2B
write:17 03 07 CF 00 78 76 55
write:13 03 00 38 00 34 C6 A2
write:1A 03 00 38 00 34 C6 3B
write:17 03 01 0F 00 08 77 05
write:13 03 07 CF 00 78 77 D1
write:1A 03 07 CF 00 78 77 48
write:18 03 00 38 00 34 C7 D9
write:13 03 01 0F 00 08 76 81
write:1A 03 01 0F 00 08 76 18
write:18 03 07 CF 00 78 76 AA
write:14 03 00 38 00 34 C7 15
write:1B 03 00 38 00 34 C7 EA
write:18 03 01 0F 00 08 77 FA
write:14 03 07 CF 00 78 76 66
write:1B 03 07 CF 00 78 76 99
write:19 03 00 38 00 34 C6 08
write:14 03 01 0F 00 08 77 36
write:1B 03 01 0F 00 08 77 C9
write:19 03 07 CF 00 78 77 7B
write:15 03 00 38 00 34 C6 C4
write:1C 03 00 38 00 34 C6 5D
write:19 03 01 0F 00 08 76 2B
write:15 03 07 CF 00 78 77 B7
77 77 77
heart:77 77 77 2E 75 73 72 2E 63 6E
received messag ?->? 
 124.160.216.60:40781 172.16.246.153:6002
write:12 03 00 38 00 34 C7 73
77 77 77
heart:77 77 77 2E 75 73 72 2E 63 6E
12 03 F0
18totalsize 240
47 8E 19 1A 46 30 3B 33 47 05 66 CD 00 00 00 00 46 D5 79 33 00 00 00 00 00 00 00 00 00 00 00 00 00 00 00 00 00 00 00 00 46 85 B7 33 45 1E 19 9A 46 0B 82 66 00 00 00 00 45 B0 C6 66 00 00 00 00 00 00 00 00 00 00 00 00 00 00 00 00 00 00 00 00 47 A9 B7 80 46 5C 9F 33 47 22 D6 CD 00 00 00 00 46 F2 DF 9A 00 00 00 00 00 00 00 00 00 00 00 00 00 00 00 00 00 00 00 00 46 B2 70 66 45 65 B9 9A 46 3A EB 33 00 00 00 00 45 E1 09 9A 00 00 00 00 00 00 00 00 00 00 00 00 00 00 00 00 00 00 00 00 47 82 8D CD 46 41 63 33 46 D4 77 33 00 00 00 00 46 D5 0E 66 00 00 00 00 00 00 00 00 00 00 00 00 00 00 00 00 00 00 00 00 46 95 B4 66 45 65 46 66 45 FB B3 33 00 00 00 00 45 E8 7B 33 00 00 00 00 00 00 00 00 00 00 00 00 00 00 00 00 00 00 24 CF
DB FD FF
heart:DB FD FF EF 4A D7 FF F7 12 FC FA BF 6F FE EB F7 9E CB EF D7 56 FC FB E7 DF F9 E1 EF 6D F9 CF 97 8A 00 00 00 00 00 00 00 00 00 00 00 00 41 76 F7 FF FF C7 5D 2F FF E8 97 E1 FF 54 97 EF FF FE DB F3 EF 5F FE F6 FF ED FF F7 DB FE FD ED 8F 12 F9 FB FF EF F7 EC F6 FC D5 91 FD FF F3 BF FF FF FD D4 97 FD FF
write:1C 03 07 CF 00 78 77 2E
F9 F8 FF
heart:F9 F8 FF 44 03 69 76 C9 43 69 B1 68 43 69 93 B6 43 FF FF 6D 73 CA 42 8F 43 CA 2C 6A 00 00 00 00 00 00 00 00 00 00 00 00 00 00 00 00 00 00 00 00 00 00 00 00 00 00 00 00 00 00 00 00 00 00 00 00 00 00 00 00 00 00 00 00 00 00 00 00 00 00 00 00 00 00 00 00 00 00 00 00 00 00 00 00 00 00 01 00 00 00 00 00 00 7F FE FF 4E 33 48 C4 7A E8 3E 00 00 00 00 00 00 43 01 66 66 00 00 00 00 00 00 00 00 00 00 00 00 00 00 00 00 00 00 00 00 41 10 00 00 00 00 00 00 40 C6 66 66 00 00 00 00 40 26 66 66 42 63 33 33 41 29 99 9A 41 BC CC CD 00 00 00 00 41 B3 33 33 43 A0 E6 66 42 0F 33 33 43 2B CC CD 00 00 00 00 42 E4 00 00 00 00 00 00 00 00 00 00 00 00 00 00 00 00 00 00 00 00 00 00 3E CC CC CD 00 00 00 00 3E 4C CC CD 00 00 00 00 00 00 00 00 42 21 99 9A 40 B9 99 9A 41 A3 33 33 00 00 00 00 41 60 E7 5F
write:1A 03 00 38 00 34 C6 3B
write:15 03 01 0F 00 08 76 E7
write:12 03 07 CF 00 78 76 00
write:1C 03 01 0F 00 08 76 7E
write:1A 03 07 CF 00 78 77 48
write:16 03 00 38 00 34 C6 F7
write:12 03 01 0F 00 08 77 50
write:1D 03 00 38 00 34 C7 8C
write:1A 03 01 0F 00 08 76 18
write:16 03 07 CF 00 78 77 84
write:13 03 00 38 00 34 C6 A2
write:1D 03 07 CF 00 78 76 FF
write:1B 03 00 38 00 34 C7 EA
write:16 03 01 0F 00 08 76 D4
write:13 03 07 CF 00 78 77 D1
write:1D 03 01 0F 00 08 77 AF
received messag ?->? 
 124.160.216.60:40782 172.16.246.153:6002
77 77 77
heart:77 77 77 2E 75 73 72 2E 63 6E
write:12 03 00 38 00 34 C7 73
1A 03 68
26totalsize 104
43 68 E6 25 43 69 54 7B 43 69 0D 50 43 C9 D3 FB F9 FF EB DB 43 C9 B2 6F 00 00 00 00 40 21 47 AE 40 5E B8 52 00 97 E1 EF E8 B4 00 00 43 B4 00 00 44 52 00 00 43 B4 00 00 43 F0 00 00 44 16 00 00 44 B4 00 00 43 B4 00 00 44 16 00 00 44 52 00 00 44 D2 00 00 3E 8C 49 BA 3F 14 BC 6A 3F 05 1E B8 3F 06 E9 79 42 47 BC 47
FF FE FF
heart:FF FE FF EF 3D CF FF AE 43 39 66 66 44 7B D9 9A 00 00 00 00 44 14 CC CD 00 00 A6 FF FB CD 4C F1 FC 8A A6 FD FF F3 00 00 00 00 00 00 42 97 33 33 40 99 99 9A 42 1C 00 00 F9 8F CB 46 41 F9 99 9A 44 56 A6 66 43 07 99 9A 43 B8 CC CD 00 00 00 00 D7 FF FF 9D CF FC FF 02 FE E3 EF E5 44 4A 33 33 00 00 00 00 43 D7 19 9A 00 00 00 00 00 00 00 00 00 00 00 00 00 00 00 00 00 00 00 00 40 C0 00 00 3F E6 66 66 40 19 99 9A 00 00 00 00 3F 99 99 9A 44 70 00 00 43 11 33 33 43 D5 4C CD 00 00 00 00 43 C1 CC CD 44 E4 00 00 42 EE CC CD 44 94 20 00 00 00 00 00 44 01 E6 66 00 00 00 00 00 00 00 00 00 00 00 00 00 00 00 00 00 00 00 00 42 0B 33 33 00 00 00 00 41 D3 33 33 00 00 00 00 41 06 66 66 44
3E F3 33
heart:3E F3 33 42 F7 33 33 43 9F E6 66 00 00 00 00 43 9F 89 07
write:1B 03 07 CF 00 78 76 99
write:17 03 00 38 00 34 C7 26
write:13 03 01 0F 00 08 76 81
write:1E 03 00 38 00 34 C7 BF
write:12 03 07 CF 00 78 76 00
write:1B 03 01 0F 00 08 77 C9
write:17 03 07 CF 00 78 76 55
write:14 03 00 38 00 34 C7 15
write:1E 03 07 CF 00 78 76 CC
write:12 03 01 0F 00 08 77 50
write:1C 03 00 38 00 34 C6 5D
write:17 03 01 0F 00 08 77 05
write:14 03 07 CF 00 78 76 66
write:1E 03 01 0F 00 08 77 9C
write:13 03 00 38 00 34 C6 A2
77 77 77
heart:77 77 77 2E 75 73 72 2E 63 6E
write:1C 03 07 CF 00 78 77 2E

err2222: read tcp 172.16.246.153:6002->124.160.216.60:40781: read: connection reset by peer
write:18 03 00 38 00 34 C7 D9
write:14 03 01 0F 00 08 77 36
write err: write tcp 172.16.246.153:6002->124.160.216.60:40781: use of closed network connection
write:1F 03 00 38 00 34 C6 6E
write:13 03 07 CF 00 78 77 D1
write:1C 03 01 0F 00 08 76 7E
write:18 03 07 CF 00 78 76 AA
write:1F 03 07 CF 00 78 77 1D
write:13 03 01 0F 00 08 76 81
write:1D 03 00 38 00 34 C7 8C
write:18 03 01 0F 00 08 77 FA
write:1F 03 01 0F 00 08 76 4D
write:14 03 00 38 00 34 C7 15

err2222: EOF
received messag ?->? 
 124.160.216.60:40784 172.16.246.153:6002
write:12 03 00 38 00 34 C7 73
77 77 77
heart:77 77 77 2E 75 73 72 2E 63 6E
1B 03 F0
27totalsize 401
45 13 7C CD 41 CE 66 66 44 E4 4C CD 00 00 00 00 43 FD 80 BF FC F9 F6 00 00 00 00 00 00 00 00 00 00 00 00 00 00 00 00 00 44 F7 71 90 00 00 43 FC 99 9A 00 00 00 00 43 45 66 12 03 F0 00 00 47 8E 1C 66 46 30 3B 33 47 05 6C CD 00 00 00 00 46 D5 79 33 00 00 00 00 00 00 00 00 00 00 00 00 00 00 00 00 00 00 00 00 46 85 BA CD 45 1E 19 9A 46 0B 89 9A 00 00 00 00 45 B0 C6 66 00 00 00 00 00 00 00 00 00 00 00 00 00 00 00 00 00 00 00 00 47 A9 B7 80 46 5C 9F 33 47 22 D6 CD 00 00 00 00 46 F2 DF 66 00 00 00 00 00 00 00 00 00 00 00 00 00 00 00 00 00 00 00 00 45 10 D3 33 41 F9 99 9A 44 E5 33 33 00 00 00 00 43 E1 E6 66 00 00 00 00 00 00 00 00 00 00 00 00 00 00 00 00 00 00 00 00 44 24 40 00 41 86 66 66 43 E5 CC CD 00 00 00 00 43 34 99 9A 00 00 00 00 00 00 00 00 00 00 00 00 00 00 00 00 00 00 00 00 45 1D 76 66 42 4E 66 66 44 35 F3 01 02 00 00 00 00 03 05 00 00 00 00 00 00 00 00 00 00 00 00 00 00 00 FF 00 FF 00 FF 00 FF FF 00 FE 00 FF 00 FE CD FF FE FF E6 5C EF FF E7 04 06 FE 00 01 00 00 00 00 01 01 00 00 00 00 00 00 00 00 F8 FE FF F1 FF FF A2 00 00 00 00 A8 42 D4 77 33 00 00 00 00 F6 FF B3 65 FF FF 39 00 00 00 00 00 00 00 00 00 00 00 00 E1 7C FF D1 5E FE FF 7E 45 65 46 66 45 FB B3 33 00 00 00 00 45 E8 7B 33
00 00 00
heart:00 00 00 00 00 00 00 00 00 00 00 00 00 00 00 00 00 00 51 C8 18 03 68 00 00 43 69 7F 7D 43 69 EC CD 43 69 AC 08 43 CA 58 B4 43 CA 6E D9 43 CA 37 6D 40 D7 0A 3D 40 B7 0A 3D 41 0E B8 52 44 AF 00 00 44 87 00 00 44 F5 00 00 45 89 80 00 44 16 00 00 44 34 00 00 44 16 00 00 44 F0 00 00 44 C3 00 00 44 AA 00 00 45 02 00 00 45 96 00 00 3F 63 12 6F 3F 4B 43 96 3F 6E 97 8D 3F 6A C0 83 42 48 FF A8
12 03 68
18totalsize 104
43 69 49 37 43 69 84 5A 43 7D FE FF 53 CA 16 46 43 CA 16 46 43 C9 F4 FE 43 36 85 1F 43 61 7A E1 43 2E 1E B8 47 1B A0 00 47 44 E0 00 47 14 98 00 47 FA 50 00 46 05 20 00 45 EC 40 00 45 F3 C0 00 46 BB 80 00 47 26 68 00 47 4D C8 00 47 1E 70 00 47 FE C4 00 3F 6F 9D B2 3F 74 BC 6A 3F 6F 5C 29 3F 7B A5 E3 42 47 BB A4
write:1D 03 07 CF 00 78 76 FF
write:19 03 00 38 00 34 C6 08
18 03 F0
24totalsize 240
44 62 0C CD 43 54 33 33 43 F7 33 33 00 00 00 00 43 45 66 66 00 00 00 00 00 00 00 00 00 00 00 00 00 00 00 00 00 00 00 00 43 35 CC CD 41 DE 66 66 42 D8 66 66 00 00 00 00 42 36 66 66 41 D4 CC CD 40 F3 33 33 41 73 33 33 00 00 00 00 40 66 66 66 44 19 99 9A 43 00 00 00 43 A7 CC CD 00 00 00 00 43 16 99 9A 00 00 00 00 00 00 00 00 00 00 00 00 00 00 00 00 00 00 00 00 42 45 99 9A 3F 80 00 00 42 09 99 9A 00 00 00 00 41 60 00 00 42 0A 66 66 41 00 00 00 41 AC CC CD 00 00 00 00 40 99 99 9A 44 3F E6 66 43 0C 33 33 43 D9 E6 66 00 00 00 00 43 3F 66 66 00 00 00 00 00 00 00 00 00 00 00 00 00 00 00 00 00 00 00 00 43 A3 99 9A 41 A8 00 00 43 6C 99 9A 00 00 00 00 42 8A CC CD 42 1B 33 33 41 23 33 33 41 A6 66 66 00 00 00 00 40 F9 FD 92
write:20 03 00 38 00 34 C3 61
FB FF EF
heart:FB FF EF F7 BC 00 02 03 16 00 00 00 00 00 00 C6 5A 00 00 AA 92
write:14 03 07 CF 00 78 76 66
write err: write tcp 172.16.246.153:6002->124.160.216.60:40782: use of closed network connection
write:12 03 07 CF 00 78 76 00
12 03 F0
18totalsize 240
47 8E 1D 9A 46 30 3B 33 47 05 6F CD 00 00 00 00 46 D5 79 33 00 00 00 00 00 00 00 00 00 00 00 00 00 00 00 00 00 00 00 00 46 85 BC 00 45 1E 19 9A 46 0B 8C 00 00 00 00 00 45 B0 C6 66 00 00 00 00 00 00 00 00 00 00 00 00 00 00 00 00 00 00 00 00 47 A9 B7 80 46 5C 9F 33 47 22 D6 CD 00 00 00 00 46 F2 DF 9A 00 00 00 00 00 00 00 00 00 00 00 00 00 00 00 00 00 00 00 00 46 B2 70 66 45 65 B9 9A 46 3A EB 33 00 00 00 00 45 E1 09 9A 00 00 00 00 00 00 00 00 00 00 00 00 00 00 00 00 00 00 00 00 47 82 8D CD 46 41 63 33 46 D4 77 33 00 00 00 00 46 D5 0E 66 00 00 00 00 00 00 00 00 00 00 00 00 00 00 00 00 00 00 00 00 46 95 B4 66 45 65 46 66 45 FB B3 33 00 00 00 00 45 E8 7B 33 00 00 00 00 00 00 00 00 00 00 00 00 00 00 00 00 00 00 1C 98
write:1D 03 01 0F 00 08 77 AF
write:19 03 07 CF 00 78 77 7B
19 03 F0
25totalsize 240
43 BA 99 9A 42 26 66 66 43 54 99 9A 00 00 00 00 42 ED 99 9A 00 00 00 00 00 00 00 00 00 00 00 00 00 00 00 00 00 00 00 00 41 76 66 66 00 00 00 00 41 60 00 00 00 00 00 00 3F 99 99 9A 42 1F 33 33 40 EC CC CD 41 7C CC CD 00 00 00 00 41 84 CC CD 43 B7 B3 33 42 3F 33 33 43 3E 00 00 00 00 00 00 43 01 66 66 00 00 00 00 00 00 00 00 00 00 00 00 00 00 00 00 00 00 00 00 41 10 00 00 00 00 00 00 40 C6 66 66 00 00 00 00 40 26 66 66 42 63 33 33 41 29 99 9A 41 BC CC CD 00 00 00 00 41 B3 33 33 43 A0 E6 66 42 0F 33 33 43 2B CC CD 00 00 00 00 42 E4 00 00 00 00 00 00 00 00 00 00 00 00 00 00 00 00 00 00 00 00 00 00 3E CC CC CD 00 00 00 00 3E 4C CC CD 00 00 00 00 00 00 00 00 42 21 99 9A 40 B9 99 9A 41 A3 33 33 00 00 00 00 41 60 9A 46
write:20 03 07 CF 00 78 72 12
write:12 03 01 0F 00 08 77 50
write:1E 03 00 38 00 34 C7 BF
write:19 03 01 0F 00 08 76 2B
19 03 10
2500 00 F3 F9 00 00 00 00 00 00 06 9F 00 00 98 C7
write:20 03 01 0F 00 08 73 42
write:13 03 00 38 00 34 C6 A2
13 03 68
19totalsize 104
43 69 53 B6 43 69 CD D3 43 69 69 FC 43 CA 42 8F 43 CA 4D B2 43 CA 16 46 00 00 00 00 3F 99 99 9A 40 05 1E B8 00 00 00 00 00 00 00 00 43 C8 00 00 43 F0 00 00 43 70 00 00 43 70 00 00 43 70 00 00 44 34 00 00 43 70 00 00 43 A0 00 00 43 F0 00 00 44 5C 00 00 3E 40 83 12 3E 3C 6A 7F 3F 58 D4 FE 3F 13 F7 CF 42 48 7E 8D
write:1E 03 07 CF 00 78 76 CC
write:1A 03 00 38 00 34 C6 3B
1A 03 68
26totalsize 104
43 69 89 37 43 69 E6 66 43 69 85 E3 43 CA 63 D7 43 CA 63 D7 43 CA 37 6D 00 00 00 00 40 21 47 AE 40 5E B8 52 00 00 00 00 43 B4 00 00 43 B4 00 00 44 52 00 00 43 B4 00 00 43 F0 00 00 44 16 00 00 44 B4 00 00 43 B4 00 00 44 16 00 00 44 52 00 00 44 D2 00 00 3E 8C 49 BA 3F 13 F7 CF 3F 04 18 93 3F 06 66 66 42 48 EB AA
write:12 03 00 38 00 34 C7 73
12 03 68
18totalsize 104
43 69 44 5A 43 69 B3 75 43 69 35 81 43 CA 2C 6A 43 CA 2C 6A 43 C9 F4 FE 43 79 7A E1 43 6C A3 D7 43 6F 28 F6 47 55 C0 00 47 4C D8 00 47 50 20 00 48 1C AE 00 46 6A 60 00 46 34 00 00 46 44 E0 00 47 18 D0 00 47 63 58 00 47 58 18 00 47 59 F8 00 48 21 40 00 3F 70 E5 60 3F 72 6E 98 3F 74 7A E1 3F 78 D4 FE 42 48 C2 EF
write:13 03 07 CF 00 78 77 D1
13 03 F0
19totalsize 240
44 A0 66 66 42 D1 99 9A 44 48 B3 33 00 00 00 00 43 BB 66 66 00 00 00 00 00 00 00 00 00 00 00 00 00 00 00 00 00 00 00 00 43 0F 33 33 3E CC CC CD 43 00 00 00 00 00 00 00 41 66 66 66 43 CF 99 9A 42 8F 33 33 43 21 99 9A 00 00 00 00 43 35 33 33 44 5A CC CD 42 BC 00 00 43 F7 66 66 00 00 00 00 43 8F 00 00 00 00 00 00 00 00 00 00 00 00 00 00 00 00 00 00 00 00 00 00 40 80 00 00 00 00 00 00 40 4C CC CD 00 00 00 00 3F 4C CC CD 44 1A 99 9A 42 C4 00 00 43 85 66 66 00 00 00 00 43 7D 33 33 44 DC A6 66 42 DB 33 33 44 8E CC CD 00 00 00 00 44 00 4C CD 00 00 00 00 00 00 00 00 00 00 00 00 00 00 00 00 00 00 00 00 42 5E 66 66 3E CC CC CD 42 21 99 9A 00 00 00 00 41 60 00 00 43 FE 00 00 42 B6 66 66 43 3F 99 9A 00 00 00 00 43 60 FC BF
write:1E 03 01 0F 00 08 77 9C
write:1A 03 07 CF 00 78 77 48
1A 03 F0
26totalsize 240
44 DF A6 66 43 39 66 66 44 7C 00 00 00 00 00 00 44 14 CC CD 00 00 00 00 00 00 00 00 00 00 00 00 00 00 00 00 00 00 00 00 42 97 33 33 40 99 99 9A 42 1C 00 00 00 00 00 00 41 F9 99 9A 44 56 A6 66 43 07 99 9A 43 B8 CC CD 00 00 00 00 43 B0 66 66 44 AC E0 00 43 0E CC CD 44 4A 33 33 00 00 00 00 43 D7 19 9A 00 00 00 00 00 00 00 00 00 00 00 00 00 00 00 00 00 00 00 00 40 C0 00 00 3F E6 66 66 40 19 99 9A 00 00 00 00 3F 99 99 9A 44 70 00 00 43 11 33 33 43 D5 4C CD 00 00 00 00 43 C1 CC CD 44 E4 00 00 42 EE CC CD 44 94 20 00 00 00 00 00 44 01 E6 66 00 00 00 00 00 00 00 00 00 00 00 00 00 00 00 00 00 00 00 00 42 0B 33 33 00 00 00 00 41 D3 33 33 00 00 00 00 41 06 66 66 44 3E F3 33 42 F7 33 33 43 9F E6 66 00 00 00 00 43 9F 57 7F
write:12 03 07 CF 00 78 76 00
write:13 03 01 0F 00 08 76 81
write:1F 03 00 38 00 34 C6 6E
write:1A 03 01 0F 00 08 76 18
write:12 03 01 0F 00 08 77 50
write:14 03 00 38 00 34 C7 15
write:1F 03 07 CF 00 78 77 1D
write:1B 03 00 38 00 34 C7 EA
write:13 03 00 38 00 34 C6 A2
write:14 03 07 CF 00 78 76 66
write:1F 03 01 0F 00 08 76 4D
write:1B 03 07 CF 00 78 76 99
write:13 03 07 CF 00 78 77 D1
write:14 03 01 0F 00 08 77 36
write:20 03 00 38 00 34 C3 61
write:1B 03 01 0F 00 08 77 C9
write:13 03 01 0F 00 08 76 81
write:15 03 00 38 00 34 C6 C4
77 77 77
heart:77 77 77 2E 75 73 72 2E 63 6E
write:20 03 07 CF 00 78 72 12
write:1C 03 00 38 00 34 C6 5D
write:14 03 00 38 00 34 C7 15

err2222: EOF
received messag ?->? 
 124.160.216.60:40787 172.16.246.153:6002
write:12 03 00 38 00 34 C7 73
1A 03 10
2600 02 87 CE 00 00 00 00 00 00 3D F8 00 00 32 FE
43 69 89 37
233.536
43 69 E6 66
233.9
43 69 85 E3
233.523
43 CA 63 D7
404.78
43 CA 63 D7
404.78
43 CA 37 6D
404.433
00 00 00 00
0
40 21 47 AE
2.52
40 5E B8 52
3.48
00 00 00 00
0
43 B4 00 00
360
43 B4 00 00
360
44 52 00 00
840
43 B4 00 00
360
43 F0 00 00
480
44 16 00 00
600
44 B4 00 00
1440
43 B4 00 00
360
44 16 00 00
600
44 52 00 00
840
44 D2 00 00
1680
3E 8C 49 BA
0.274
3F 13 F7 CF
0.578
3F 04 18 93
0.516
3F 06 66 66
0.525
42 48 EB AA
50.23014
44 DF A6 66
1789.2
43 39 66 66
185.4
44 7C 00 00
1008
00 00 00 00
0
44 14 CC CD
595.2
00 00 00 00
0
00 00 00 00
0
00 00 00 00
0
00 00 00 00
0
00 00 00 00
0
42 97 33 33
75.6
40 99 99 9A
4.8
42 1C 00 00
39
00 00 00 00
0
41 F9 99 9A
31.2
44 56 A6 66
858.6
43 07 99 9A
135.6
43 B8 CC CD
369.6
00 00 00 00
0
43 B0 66 66
352.8
44 AC E0 00
1383
43 0E CC CD
142.8
44 4A 33 33
808.8
00 00 00 00
0
43 D7 19 9A
430.2
00 00 00 00
0
00 00 00 00
0
00 00 00 00
0
00 00 00 00
0
00 00 00 00
0
40 C0 00 00
6
3F E6 66 66
1.8
40 19 99 9A
2.4
00 00 00 00
0
3F 99 99 9A
1.2
44 70 00 00
960
43 11 33 33
145.2
43 D5 4C CD
426.6
00 00 00 00
0
43 C1 CC CD
387.6
44 E4 00 00
1824
42 EE CC CD
119.4
44 94 20 00
1185
00 00 00 00
0
44 01 E6 66
519.6
00 00 00 00
0
00 00 00 00
0
00 00 00 00
0
00 00 00 00
0
00 00 00 00
0
42 0B 33 33
34.8
00 00 00 00
0
41 D3 33 33
26.4
00 00 00 00
0
41 06 66 66
8.4
44 3E F3 33
763.8
42 F7 33 33
123.6
43 9F E6 66
319.8
00 00 00 00
0
43 9F 57 7F
318.68356
00 02 87 CE
165838
00 00 00 00
0
00 00 3D F8
15864
00 00 32 FE
13054
233.536233.9233.523404.78404.78404.43302.523.480360360840360480600144036060084016800.2740.5780.5160.52550.230141789.2185.410080595.20000075.64.839031.2858.6135.6369.60352.81383142.8808.80430.20000061.82.401.2960145.2426.60387.61824119.411850519.60000034.8026.408.4763.8123.6319.80318.683562620171125154754165.838015.86413.054insert into tbl_power_info_v2(P_A_DIANYA,P_B_DIANYA,P_C_DIANYA,P_UAB_XIANDIANYA,P_UBC_XIANDIANYA,P_UCA_XIANDIANYA,P_A_DIANLIU,P_B_DIANLIU,P_C_DIANLIU,P_A_YGGL,P_B_YGGL,P_C_YGGL,P_HXYGGL,P_A_WGGL,P_B_WGGL,P_C_WGGL,P_HXWGGL,P_A_SZGL,P_B_SZGL,P_C_SZGL,P_HXSZGL,P_A_GLYS,P_B_GLYS,P_C_GLYS,P_HXGLYS,P_DWPL,P_BY_KwhZ,P_BY_KwhJ,P_BY_KwhF,P_BY_KwhP,P_BY_KwhG,P_BY_HKwhZ,P_BY_HKwhJ,P_BY_HKwhF,P_BY_HKwhP,P_BY_HKwhG, P_BY_KvarhZ,P_BY_KvarhJ,P_BY_KvarhF,P_BY_KvarhP,P_BY_KvarhG, P_BY_HKvarhZ,P_BY_HKvarhJ,P_BY_HKvarhF,P_BY_HKvarhP,P_BY_HKvarhG, P_SY_KwhZ,P_SY_KwhJ,P_SY_KwhF,P_SY_KwhP,P_SY_KwhG, P_SY_HKwhZ,P_SY_HKwhJ,P_SY_HKwhF,P_SY_HKwhP,P_SY_HKwhG, P_SY_KvarhZ,P_SY_KvarhJ,P_SY_KvarhF,P_SY_KvarhP,P_SY_KvarhG, P_SY_HKvarhZ,P_SY_HKvarhJ,P_SY_HKvarhF,P_SY_HKvarhP,P_SY_HKvarhG, P_SSY_KwhZ,P_SSY_KwhJ,P_SSY_KwhF,P_SSY_KwhP,P_SSY_KwhG, P_SSY_HKwhZ,P_SSY_HKwhJ,P_SSY_HKwhF,P_SSY_HKwhP,P_SSY_HKwhG, P_SSY_KvarhZ,P_SSY_KvarhJ,P_SSY_KvarhF,P_SSY_KvarhP,P_SSY_KvarhG, P_SSY_HKvarhZ,P_SSY_HKvarhJ,P_SSY_HKvarhF,P_SSY_HKvarhP,P_SSY_HKvarhG,P_CODE,P_TIME,P_ZXYGDN,P_FXYGDN,P_ZXWGDN,P_FXWGDN)values(233.536,233.9,233.523,404.78,404.78,404.433,0,2.52,3.48,0,360,360,840,360,480,600,1440,360,600,840,1680,0.274,0.578,0.516,0.525,50.23014,1789.2,185.4,1008,0,595.2,0,0,0,0,0,75.6,4.8,39,0,31.2,858.6,135.6,369.6,0,352.8,1383,142.8,808.8,0,430.2,0,0,0,0,0,6,1.8,2.4,0,1.2,960,145.2,426.6,0,387.6,1824,119.4,1185,0,519.6,0,0,0,0,0,34.8,0,26.4,0,8.4,763.8,123.6,319.8,0,318.68356,26,20171125154754,165.838,0,15.864,13.054)
写入成功读取完毕一个
13 03 10
1900 02 93 92 00 00 00 00 00 00 35 3F 00 00 50 9F
43 69 53 B6
233.327
43 69 CD D3
233.804
43 69 69 FC
233.414
43 CA 42 8F
404.52
43 CA 4D B2
404.607
43 CA 16 46
404.174
00 00 00 00
0
3F 99 99 9A
1.2
40 05 1E B8
2.08
00 00 00 00
0
00 00 00 00
0
43 C8 00 00
400
43 F0 00 00
480
43 70 00 00
240
43 70 00 00
240
43 70 00 00
240
44 34 00 00
720
43 70 00 00
240
43 A0 00 00
320
43 F0 00 00
480
44 5C 00 00
880
3E 40 83 12
0.188
3E 3C 6A 7F
0.184
3F 58 D4 FE
0.847
3F 13 F7 CF
0.578
42 48 7E 8D
50.123585
44 A0 66 66
1283.2
42 D1 99 9A
104.8
44 48 B3 33
802.8
00 00 00 00
0
43 BB 66 66
374.8
00 00 00 00
0
00 00 00 00
0
00 00 00 00
0
00 00 00 00
0
00 00 00 00
0
43 0F 33 33
143.2
3E CC CC CD
0.4
43 00 00 00
128
00 00 00 00
0
41 66 66 66
14.4
43 CF 99 9A
415.2
42 8F 33 33
71.6
43 21 99 9A
161.6
00 00 00 00
0
43 35 33 33
181.2
44 5A CC CD
875.2
42 BC 00 00
94
43 F7 66 66
494.8
00 00 00 00
0
43 8F 00 00
286
00 00 00 00
0
00 00 00 00
0
00 00 00 00
0
00 00 00 00
0
00 00 00 00
0
40 80 00 00
4
00 00 00 00
0
40 4C CC CD
3.2
00 00 00 00
0
3F 4C CC CD
0.8
44 1A 99 9A
618.4
42 C4 00 00
98
43 85 66 66
266.8
00 00 00 00
0
43 7D 33 33
253.2
44 DC A6 66
1765.2
42 DB 33 33
109.6
44 8E CC CD
1142.4
00 00 00 00
0
44 00 4C CD
513.2
00 00 00 00
0
00 00 00 00
0
00 00 00 00
0
00 00 00 00
0
00 00 00 00
0
42 5E 66 66
55.6
3E CC CC CD
0.4
42 21 99 9A
40.4
00 00 00 00
0
41 60 00 00
14
43 FE 00 00
508
42 B6 66 66
91.2
43 3F 99 9A
191.6
00 00 00 00
0
43 60 FC BF
224.98729
00 02 93 92
168850
00 00 00 00
0
00 00 35 3F
13631
00 00 50 9F
20639
233.327233.804233.414404.52404.607404.17401.22.08004004802402402407202403204808800.1880.1840.8470.57850.1235851283.2104.8802.80374.800000143.20.4128014.4415.271.6161.60181.2875.294494.8028600000403.200.8618.498266.80253.21765.2109.61142.40513.20000055.60.440.401450891.2191.60224.987291920171125154754168.85013.63120.639insert into tbl_power_info_v2(P_A_DIANYA,P_B_DIANYA,P_C_DIANYA,P_UAB_XIANDIANYA,P_UBC_XIANDIANYA,P_UCA_XIANDIANYA,P_A_DIANLIU,P_B_DIANLIU,P_C_DIANLIU,P_A_YGGL,P_B_YGGL,P_C_YGGL,P_HXYGGL,P_A_WGGL,P_B_WGGL,P_C_WGGL,P_HXWGGL,P_A_SZGL,P_B_SZGL,P_C_SZGL,P_HXSZGL,P_A_GLYS,P_B_GLYS,P_C_GLYS,P_HXGLYS,P_DWPL,P_BY_KwhZ,P_BY_KwhJ,P_BY_KwhF,P_BY_KwhP,P_BY_KwhG,P_BY_HKwhZ,P_BY_HKwhJ,P_BY_HKwhF,P_BY_HKwhP,P_BY_HKwhG, P_BY_KvarhZ,P_BY_KvarhJ,P_BY_KvarhF,P_BY_KvarhP,P_BY_KvarhG, P_BY_HKvarhZ,P_BY_HKvarhJ,P_BY_HKvarhF,P_BY_HKvarhP,P_BY_HKvarhG, P_SY_KwhZ,P_SY_KwhJ,P_SY_KwhF,P_SY_KwhP,P_SY_KwhG, P_SY_HKwhZ,P_SY_HKwhJ,P_SY_HKwhF,P_SY_HKwhP,P_SY_HKwhG, P_SY_KvarhZ,P_SY_KvarhJ,P_SY_KvarhF,P_SY_KvarhP,P_SY_KvarhG, P_SY_HKvarhZ,P_SY_HKvarhJ,P_SY_HKvarhF,P_SY_HKvarhP,P_SY_HKvarhG, P_SSY_KwhZ,P_SSY_KwhJ,P_SSY_KwhF,P_SSY_KwhP,P_SSY_KwhG, P_SSY_HKwhZ,P_SSY_HKwhJ,P_SSY_HKwhF,P_SSY_HKwhP,P_SSY_HKwhG, P_SSY_KvarhZ,P_SSY_KvarhJ,P_SSY_KvarhF,P_SSY_KvarhP,P_SSY_KvarhG, P_SSY_HKvarhZ,P_SSY_HKvarhJ,P_SSY_HKvarhF,P_SSY_HKvarhP,P_SSY_HKvarhG,P_CODE,P_TIME,P_ZXYGDN,P_FXYGDN,P_ZXWGDN,P_FXWGDN)values(233.327,233.804,233.414,404.52,404.607,404.174,0,1.2,2.08,0,0,400,480,240,240,240,720,240,320,480,880,0.188,0.184,0.847,0.578,50.123585,1283.2,104.8,802.8,0,374.8,0,0,0,0,0,143.2,0.4,128,0,14.4,415.2,71.6,161.6,0,181.2,875.2,94,494.8,0,286,0,0,0,0,0,4,0,3.2,0,0.8,618.4,98,266.8,0,253.2,1765.2,109.6,1142.4,0,513.2,0,0,0,0,0,55.6,0.4,40.4,0,14,508,91.2,191.6,0,224.98729,19,20171125154754,168.85,0,13.631,20.639)
写入成功读取完毕一个
12 03 F0
18totalsize 348
47 8E 20 E6 46 30 3B 33 47 05 75 FD 8F 97 2B F9 E1 CF 7F 7F E1 F7 1B 00 00 00 00 00 00 00 00 00 00 00 00 00 82 F1 FE 11 C1 FF FF EF BF FF FF BE A3 0B 90 CD 00 00 00 00 45 B0 C6 66 00 00 00 00 00 00 00 00 00 00 00 00 00 00 00 00 00 00 00 00 47 EB FF F7 F7 FF EF 9F B3 FE F6 C9 FC C7 F9 FE F2 DF 9A 00 00 00 00 00 00 00 00 00 00 00 BB FF FF A2 D7 FF FF EC 97 F5 FF 75 FB E3 EF FF 9A 46 3A EB 33 00 00 00 00 45 E1 09 9A 00 00 00 00 00 00 00 00 00 00 00 00 00 00 00 00 00 00 00 00 47 82 8D CD 46 41 63 33 46 D4 77 33 00 00 00 00 46 D5 0E 66 00 00 00 00 00 00 00 00 00 00 00 00 00 00 00 00 00 00 00 00 46 95 B4 66 45 65 46 66 45 FB B3 33 00 00 00 00 45 E8 7B 33 00 00 00 00 00 00 00 00 00 00 00 00 00 00 00 00 00 00 90 8E 14 03 68 00 00 43 69 6A 3D 43 69 CF 1B 43 69 BF 3B 43 CA 4D B2 43 CA 6E D9 43 CA 42 8F 00 00 00 00 00 00 00 00 00 00 00 00 00 00 00 00 00 00 00 00 00 00 00 00 42 A0 00 00 00 00 00 00 00 00 00 00 00 00 00 00 00 00 00 00 00 00 00 00 00 00 00 00 42 A0 00 00 42 A0 00 00 00 00 00 00 00 00 00 00 3F 2B 02 0C 3F 6E 56 04 42 48 42 F6
12 03 68
18totalsize 104
43 69 42 8F 43 69 AB 85 43 69 9F 7D 43 CA 21 48 43 CA 4D B2 43 CA 21 48 43 4A 51 EC 43 43 7A E1 43 39 66 66 47 31 30 00 47 27 58 00 47 1F 60 00 47 FA 8C 00 46 10 60 00 45 E8 80 00 45 FF 00 00 46 C2 10 00 47 38 38 00 47 32 98 00 47 29 38 00 47 FF 00 00 3F 71 68 73 3F 70 62 4E 3F 71 68 73 3F 7B 64 5A 42 48 BE A1
write:15 03 07 CF 00 78 77 B7
write err: write tcp 172.16.246.153:6002->124.160.216.60:40784: use of closed network connection
write:20 03 01 0F 00 08 73 42
write:1C 03 07 CF 00 78 77 2E
write:14 03 07 CF 00 78 76 66
write:12 03 07 CF 00 78 76 00
14 03 F0
20totalsize 240
44 A0 20 00 43 C7 99 9A 43 91 33 33 80 FD C6 68 FD 13 D9 9A 00 00 00 00 00 00 00 00 00 00 00 00 00 00 00 00 00 00 00 00 40 0C CC CD 00 00 00 00 40 0C CC CD 00 00 00 00 00 00 00 00 43 94 4C CD 42 BE 66 66 42 7A 66 66 00 00 00 00 43 0A 99 9A 44 AC 73 33 43 E0 33 33 43 9A 66 66 00 00 00 00 44 1B 8C CD 00 00 00 00 00 00 00 00 00 00 00 00 00 00 00 00 00 00 00 00 40 99 99 9A 00 00 00 00 40 93 33 33 00 00 00 00 00 00 00 00 43 9B 80 00 42 D2 66 66 42 76 66 66 00 00 00 00 43 10 00 00 44 A4 D9 9A 43 ED 99 9A 43 78 66 66 00 00 00 00 44 14 C0 00 00 00 00 00 00 00 00 00 00 00 00 00 00 00 00 00 00 00 00 00 3F 4C CC CD 00 00 00 00 3F 4C CC CD 00 00 00 00 00 00 00 00 43 8C 66 66 42 D1 33 33 42 3B 33 33 00 00 00 00 43 01 58 98
write:1C 03 01 0F 00 08 76 7E
write:12 03 00 38 00 34 C7 73
write:14 03 01 0F 00 08 77 36
write:12 03 01 0F 00 08 77 50
write:1D 03 00 38 00 34 C7 8C
write:12 03 07 CF 00 78 76 00
14 03 10
2000 04 1A 73 00 00 00 00 00 00 13 51 00 00 CB E5
43 68 DA 1D
232.852
43 69 86 66
233.525
43 69 33 33
233.2
43 C9 E9 DB
403.827
43 CA 16 46
404.174
43 C9 C8 93
403.567
00 00 00 00
0
00 00 00 00
0
00 00 00 00
0
00 00 00 00
0
00 00 00 00
0
00 00 00 00
0
42 A0 00 00
80
00 00 00 00
0
00 00 00 00
0
00 00 00 00
0
00 00 00 00
0
00 00 00 00
0
00 00 00 00
0
42 A0 00 00
80
42 A0 00 00
80
00 00 00 00
0
00 00 00 00
0
3F 29 78 D5
0.662
3F 6D D2 F2
0.929
42 48 EE F0
50.233337
44 A0 20 00
1281
43 C7 99 9A
399.2
43 91 33 33
290.4
80 FD C6 68
-2.3305555e-38
FD 13 D9 9A
-1.2282898e+37
00 00 00 00
0
00 00 00 00
0
00 00 00 00
0
00 00 00 00
0
00 00 00 00
0
40 0C CC CD
2.2
00 00 00 00
0
40 0C CC CD
2.2
00 00 00 00
0
00 00 00 00
0
43 94 4C CD
296.6
42 BE 66 66
95.2
42 7A 66 66
62.6
00 00 00 00
0
43 0A 99 9A
138.6
44 AC 73 33
1379.6
43 E0 33 33
448.4
43 9A 66 66
308.8
00 00 00 00
0
44 1B 8C CD
622.2
00 00 00 00
0
00 00 00 00
0
00 00 00 00
0
00 00 00 00
0
00 00 00 00
0
40 99 99 9A
4.8
00 00 00 00
0
40 93 33 33
4.6
00 00 00 00
0
00 00 00 00
0
43 9B 80 00
311
42 D2 66 66
105.2
42 76 66 66
61.6
00 00 00 00
0
43 10 00 00
144
44 A4 D9 9A
1318.8
43 ED 99 9A
475.2
43 78 66 66
248.4
00 00 00 00
0
44 14 C0 00
595
00 00 00 00
0
00 00 00 00
0
00 00 00 00
0
00 00 00 00
0
00 00 00 00
0
3F 4C CC CD
0.8
00 00 00 00
0
3F 4C CC CD
0.8
00 00 00 00
0
00 00 00 00
0
43 8C 66 66
280.8
42 D1 33 33
104.6
42 3B 33 33
46.8
00 00 00 00
0
43 01 58 98
129.34607
00 04 1A 73
268915
00 00 00 00
0
00 00 13 51
4945
00 00 CB E5
52197
232.852233.525233.2403.827404.174403.567000000800000008080000.6620.92950.2333371281399.2290.4-2.3305555e-38-1.2282898e+37000002.202.200296.695.262.60138.61379.6448.4308.80622.2000004.804.600311105.261.601441318.8475.2248.40595000000.800.800280.8104.646.80129.346072020171125154847268.91504.94552.197insert into tbl_power_info_v2(P_A_DIANYA,P_B_DIANYA,P_C_DIANYA,P_UAB_XIANDIANYA,P_UBC_XIANDIANYA,P_UCA_XIANDIANYA,P_A_DIANLIU,P_B_DIANLIU,P_C_DIANLIU,P_A_YGGL,P_B_YGGL,P_C_YGGL,P_HXYGGL,P_A_WGGL,P_B_WGGL,P_C_WGGL,P_HXWGGL,P_A_SZGL,P_B_SZGL,P_C_SZGL,P_HXSZGL,P_A_GLYS,P_B_GLYS,P_C_GLYS,P_HXGLYS,P_DWPL,P_BY_KwhZ,P_BY_KwhJ,P_BY_KwhF,P_BY_KwhP,P_BY_KwhG,P_BY_HKwhZ,P_BY_HKwhJ,P_BY_HKwhF,P_BY_HKwhP,P_BY_HKwhG, P_BY_KvarhZ,P_BY_KvarhJ,P_BY_KvarhF,P_BY_KvarhP,P_BY_KvarhG, P_BY_HKvarhZ,P_BY_HKvarhJ,P_BY_HKvarhF,P_BY_HKvarhP,P_BY_HKvarhG, P_SY_KwhZ,P_SY_KwhJ,P_SY_KwhF,P_SY_KwhP,P_SY_KwhG, P_SY_HKwhZ,P_SY_HKwhJ,P_SY_HKwhF,P_SY_HKwhP,P_SY_HKwhG, P_SY_KvarhZ,P_SY_KvarhJ,P_SY_KvarhF,P_SY_KvarhP,P_SY_KvarhG, P_SY_HKvarhZ,P_SY_HKvarhJ,P_SY_HKvarhF,P_SY_HKvarhP,P_SY_HKvarhG, P_SSY_KwhZ,P_SSY_KwhJ,P_SSY_KwhF,P_SSY_KwhP,P_SSY_KwhG, P_SSY_HKwhZ,P_SSY_HKwhJ,P_SSY_HKwhF,P_SSY_HKwhP,P_SSY_HKwhG, P_SSY_KvarhZ,P_SSY_KvarhJ,P_SSY_KvarhF,P_SSY_KvarhP,P_SSY_KvarhG, P_SSY_HKvarhZ,P_SSY_HKvarhJ,P_SSY_HKvarhF,P_SSY_HKvarhP,P_SSY_HKvarhG,P_CODE,P_TIME,P_ZXYGDN,P_FXYGDN,P_ZXWGDN,P_FXWGDN)values(232.852,233.525,233.2,403.827,404.174,403.567,0,0,0,0,0,0,80,0,0,0,0,0,0,80,80,0,0,0.662,0.929,50.233337,1281,399.2,290.4,-2.3305555e-38,-1.2282898e+37,0,0,0,0,0,2.2,0,2.2,0,0,296.6,95.2,62.6,0,138.6,1379.6,448.4,308.8,0,622.2,0,0,0,0,0,4.8,0,4.6,0,0,311,105.2,61.6,0,144,1318.8,475.2,248.4,0,595,0,0,0,0,0,0.8,0,0.8,0,0,280.8,104.6,46.8,0,129.34607,20,20171125154847,268.915,0,4.945,52.197)
写入成功读取完毕一个
12 03 10
1800 40 BF B6 00 00 00 00 00 13 EE 8B 00 00 44 BF
43 69 42 8F
233.26
43 69 AB 85
233.67
43 69 9F 7D
233.623
43 CA 21 48
404.26
43 CA 4D B2
404.607
43 CA 21 48
404.26
43 4A 51 EC
202.32
43 43 7A E1
195.48
43 39 66 66
185.4
47 31 30 00
45360
47 27 58 00
42840
47 1F 60 00
40800
47 FA 8C 00
128280
46 10 60 00
9240
45 E8 80 00
7440
45 FF 00 00
8160
46 C2 10 00
24840
47 38 38 00
47160
47 32 98 00
45720
47 29 38 00
43320
47 FF 00 00
130560
3F 71 68 73
0.943
3F 70 62 4E
0.939
3F 71 68 73
0.943
3F 7B 64 5A
0.982
42 48 BE A1
50.18616
47 8E 20 E6
72769.8
46 30 3B 33
11278.8
47 05 75 FD
34165.99
8F 97 2B F9
-1.4906687e-29
E1 CF 7F 7F
-4.784579e+20
E1 F7 1B 00
-5.6978642e+20
00 00 00 00
0
00 00 00 00
0
00 00 00 00
0
82 F1 FE 11
-3.5557594e-37
C1 FF FF EF
-31.999968
BF FF FF BE
-1.9999921
A3 0B 90 CD
-7.565868e-18
00 00 00 00
0
45 B0 C6 66
5656.8
00 00 00 00
0
00 00 00 00
0
00 00 00 00
0
00 00 00 00
0
00 00 00 00
0
47 EB FF F7
120831.93
F7 FF EF 9F
-1.03819984e+34
B3 FE F6 C9
-1.1872687e-07
FC C7 F9 FE
-8.3067e+36
F2 DF 9A 00
-8.8577705e+30
00 00 00 00
0
00 00 00 00
0
00 00 BB FF
6.744e-41
FF A2 D7 FF
NaN
FF EC 97 F5
NaN
FF 75 FB E3
-3.2696873e+38
EF FF 9A 46
-1.5821037e+29
3A EB 33 00
0.0017944276
00 00 00 45
9.7e-44
E1 09 9A 00
-1.586438e+20
00 00 00 00
0
00 00 00 00
0
00 00 00 00
0
00 00 00 00
0
00 00 00 47
1e-43
82 8D CD 46
-2.083591e-37
41 63 33 46
14.200018
D4 77 33 00
-4.2468502e+12
00 00 00 46
9.8e-44
D5 0E 66 00
-9.785546e+12
00 00 00 00
0
00 00 00 00
0
00 00 00 00
0
00 00 00 00
0
00 00 00 46
9.8e-44
95 B4 66 45
-7.2862774e-26
65 46 66 45
5.8557194e+22
FB B3 33 00
-1.8609111e+36
00 00 00 45
9.7e-44
E8 7B 33 00
-4.745019e+24
00 00 00 00
0
00 00 00 00
0
00 00 00 00
0
00 00 00 00
0
00 90 8E 14
1.327528e-38
03 68 00 00
6.8178672e-37
43 69 6A 3D
233.415
43 69 CF 1B
233.809
43 69 BF 3B
233.747
43 CA 4D B2
404.607
43 CA 6E D9
404.866
43 CA 42 8F
404.52
00 00 00 00
0
00 00 00 00
0
00 00 00 00
0
00 00 00 00
0
00 00 00 00
0
00 00 00 00
0
42 A0 00 00
80
00 00 00 00
0
00 00 00 00
0
00 00 00 00
0
00 00 00 00
0
00 00 00 00
0
00 00 00 00
0
42 A0 00 00
80
42 A0 00 00
80
00 00 00 00
0
00 00 00 00
0
3F 2B 02 0C
0.668
3F 6E 56 04
0.931
42 48 42 F6
50.06539
00 40 BF B6
4243382
00 00 00 00
0
00 13 EE 8B
1306251
00 00 44 BF
17599
233.26233.67233.623404.26404.607404.26202.32195.48185.4453604284040800128280924074408160248404716045720433201305600.9430.9390.9430.98250.1861672769.811278.834165.99-1.4906687e-29-4.784579e+20-5.6978642e+20000-3.5557594e-37-31.999968-1.9999921-7.565868e-1805656.800000120831.93-1.03819984e+34-1.1872687e-07-8.3067e+36-8.8577705e+30006.744e-41NaNNaN-3.2696873e+38-1.5821037e+290.00179442769.7e-44-1.586438e+2000001e-43-2.083591e-3714.200018-4.2468502e+129.8e-44-9.785546e+1200009.8e-44-7.2862774e-265.8557194e+22-1.8609111e+369.7e-44-4.745019e+2400001.327528e-386.8178672e-37233.415233.809233.747404.607404.866404.52000000800000008080000.6680.93150.0653918201711251548494243.38201306.25117.599insert into tbl_power_info_v2(P_A_DIANYA,P_B_DIANYA,P_C_DIANYA,P_UAB_XIANDIANYA,P_UBC_XIANDIANYA,P_UCA_XIANDIANYA,P_A_DIANLIU,P_B_DIANLIU,P_C_DIANLIU,P_A_YGGL,P_B_YGGL,P_C_YGGL,P_HXYGGL,P_A_WGGL,P_B_WGGL,P_C_WGGL,P_HXWGGL,P_A_SZGL,P_B_SZGL,P_C_SZGL,P_HXSZGL,P_A_GLYS,P_B_GLYS,P_C_GLYS,P_HXGLYS,P_DWPL,P_BY_KwhZ,P_BY_KwhJ,P_BY_KwhF,P_BY_KwhP,P_BY_KwhG,P_BY_HKwhZ,P_BY_HKwhJ,P_BY_HKwhF,P_BY_HKwhP,P_BY_HKwhG, P_BY_KvarhZ,P_BY_KvarhJ,P_BY_KvarhF,P_BY_KvarhP,P_BY_KvarhG, P_BY_HKvarhZ,P_BY_HKvarhJ,P_BY_HKvarhF,P_BY_HKvarhP,P_BY_HKvarhG, P_SY_KwhZ,P_SY_KwhJ,P_SY_KwhF,P_SY_KwhP,P_SY_KwhG, P_SY_HKwhZ,P_SY_HKwhJ,P_SY_HKwhF,P_SY_HKwhP,P_SY_HKwhG, P_SY_KvarhZ,P_SY_KvarhJ,P_SY_KvarhF,P_SY_KvarhP,P_SY_KvarhG, P_SY_HKvarhZ,P_SY_HKvarhJ,P_SY_HKvarhF,P_SY_HKvarhP,P_SY_HKvarhG, P_SSY_KwhZ,P_SSY_KwhJ,P_SSY_KwhF,P_SSY_KwhP,P_SSY_KwhG, P_SSY_HKwhZ,P_SSY_HKwhJ,P_SSY_HKwhF,P_SSY_HKwhP,P_SSY_HKwhG, P_SSY_KvarhZ,P_SSY_KvarhJ,P_SSY_KvarhF,P_SSY_KvarhP,P_SSY_KvarhG, P_SSY_HKvarhZ,P_SSY_HKvarhJ,P_SSY_HKvarhF,P_SSY_HKvarhP,P_SSY_HKvarhG,P_CODE,P_TIME,P_ZXYGDN,P_FXYGDN,P_ZXWGDN,P_FXWGDN)values(233.26,233.67,233.623,404.26,404.607,404.26,202.32,195.48,185.4,45360,42840,40800,128280,9240,7440,8160,24840,47160,45720,43320,130560,0.943,0.939,0.943,0.982,50.18616,72769.8,11278.8,34165.99,-1.4906687e-29,-4.784579e+20,-5.6978642e+20,0,0,0,-3.5557594e-37,-31.999968,-1.9999921,-7.565868e-18,0,5656.8,0,0,0,0,0,120831.93,-1.03819984e+34,-1.1872687e-07,-8.3067e+36,-8.8577705e+30,0,0,6.744e-41,NaN,NaN,-3.2696873e+38,-1.5821037e+29,0.0017944276,9.7e-44,-1.586438e+20,0,0,0,0,1e-43,-2.083591e-37,14.200018,-4.2468502e+12,9.8e-44,-9.785546e+12,0,0,0,0,9.8e-44,-7.2862774e-26,5.8557194e+22,-1.8609111e+36,9.7e-44,-4.745019e+24,0,0,0,0,1.327528e-38,6.8178672e-37,233.415,233.809,233.747,404.607,404.866,404.52,0,0,0,0,0,0,80,0,0,0,0,0,0,80,80,0,0,0.668,0.931,50.06539,18,20171125154849,4243.382,0,1306.251,17.599)
Error 1136: Column count doesn't match value count at row 1
写入成功panic: runtime error: invalid memory address or nil pointer dereference
[signal SIGSEGV: segmentation violation code=0x1 addr=0x0 pc=0x5125a5]

goroutine 34 [running]:
database/sql.(*Rows).close(0x0, 0x0, 0x0, 0x0, 0x0)
	/usr/local/soft/go/src/database/sql/sql.go:2742 +0x75
database/sql.(*Rows).Close(0x0, 0x0, 0x0)
	/usr/local/soft/go/src/database/sql/sql.go:2738 +0x3d
main.insert(0xc42017eb40)
	/root/work/go/readwrite/gostu/src/main/main2006.go:86 +0x456
main.HandData(0x5ead12)
	/root/work/go/readwrite/gostu/src/main/main2006.go:141 +0x36e
main.handleRead(0x719c80, 0xc42000e0a0)
	/root/work/go/readwrite/gostu/src/main/main2006.go:246 +0xf09
created by main.main
	/root/work/go/readwrite/gostu/src/main/main2006.go:117 +0x409
exit status 2
